Using pre-set license
Built from '2020.3/staging' branch; Version is '2020.3.11f1 (99c7afb366b3) revision 10078127'; Using compiler version '192528614'; Build Type 'Release'
OS: 'Windows 10 Pro; OS build 19042.985; Version 2009; 64bit' Language: 'zh' Physical Memory: 16269 MB
BatchMode: 1, IsHumanControllingUs: 0, StartBugReporterOnCrash: 0, Is64bit: 1, IsPro: 0

 COMMAND LINE ARGUMENTS:
C:\Program Files\Unity\2020.3.11f1\Editor\Unity.exe
-adb2
-batchMode
-noUpm
-name
AssetImportWorker0
-projectPath
D:/Desktop/AR
-logFile
Logs/AssetImportWorker0.log
-srvPort
6884
Successfully changed project path to: D:/Desktop/AR
D:/Desktop/AR
Using Asset Import Pipeline V2.
Refreshing native plugins compatible for Editor in 53.44 ms, found 4 plugins.
Preloading 1 native plugins for Editor in 1.41 ms.
Initialize engine version: 2020.3.11f1 (99c7afb366b3)
[Subsystems] Discovering subsystems at path C:/Program Files/Unity/2020.3.11f1/Editor/Data/Resources/UnitySubsystems
[Subsystems] Discovering subsystems at path D:/Desktop/AR/Assets
GfxDevice: creating device client; threaded=0
Direct3D:
    Version:  Direct3D 11.0 [level 11.1]
    Renderer: NVIDIA GeForce GTX 970M (ID=0x13d8)
    Vendor:   
    VRAM:     3032 MB
    Driver:   27.21.14.5167
Shader 'PointClouds/PointSplat': fallback shader 'PointClouds/PointSplatLegacy' not found
Initialize mono
Mono path[0] = 'C:/Program Files/Unity/2020.3.11f1/Editor/Data/Managed'
Mono path[1] = 'C:/Program Files/Unity/2020.3.11f1/Editor/Data/MonoBleedingEdge/lib/mono/unityjit'
Mono config path = 'C:/Program Files/Unity/2020.3.11f1/Editor/Data/MonoBleedingEdge/etc'
Using monoOptions --debugger-agent=transport=dt_socket,embedding=1,server=y,suspend=n,address=127.0.0.1:56472
Begin MonoManager ReloadAssembly
Registering precompiled unity dll's ...
Register platform support module: C:/Program Files/Unity/2020.3.11f1/Editor/Data/PlaybackEngines/WebGLSupport/UnityEditor.WebGL.Extensions.dll
Register platform support module: C:/Program Files/Unity/2020.3.11f1/Editor/Data/PlaybackEngines/WindowsStandaloneSupport/UnityEditor.WindowsStandalone.Extensions.dll
Registered in 0.003508 seconds.
Native extension for WindowsStandalone target not found
Native extension for WebGL target not found
Refreshing native plugins compatible for Editor in 33.78 ms, found 4 plugins.
Preloading 1 native plugins for Editor in 0.05 ms.
Mono: successfully reloaded assembly
- Completed reload, in  2.688 seconds
Platform modules already initialized, skipping
Registering precompiled user dll's ...
Registered in 0.005540 seconds.
Begin MonoManager ReloadAssembly
Native extension for WindowsStandalone target not found
Native extension for WebGL target not found
Refreshing native plugins compatible for Editor in 0.55 ms, found 4 plugins.
Preloading 1 native plugins for Editor in 0.05 ms.
System.NullReferenceException: Object reference not set to an instance of an object
  at Vuforia.EditorClasses.ExtensionTypeProvider.GetVuforiaPackageAbsPath () [0x0004a] in <f93bc12ce1034617aac9a18135b94276>:0 
  at Vuforia.EditorClasses.ExtensionTypeProvider.IsPackageManager () [0x00000] in <f93bc12ce1034617aac9a18135b94276>:0 
  at Vuforia.EditorClasses.ExtensionTypeProvider.ResolvePluginType () [0x00009] in <f93bc12ce1034617aac9a18135b94276>:0 
  at Vuforia.EditorClasses.ExtensionTypeProvider.GetPluginType () [0x0000c] in <f93bc12ce1034617aac9a18135b94276>:0 
  at Vuforia.EditorClasses.VuforiaUtilities.IsVuforiaEnabledInPlayerSettings () [0x00000] in <f93bc12ce1034617aac9a18135b94276>:0 
  at VuforiaEnabledObserver..cctor () [0x00000] in <f93bc12ce1034617aac9a18135b94276>:0 
UnityEngine.StackTraceUtility:ExtractStackTrace ()
UnityEngine.DebugLogHandler:LogFormat (UnityEngine.LogType,UnityEngine.Object,string,object[])
UnityEngine.Logger:Log (UnityEngine.LogType,object)
UnityEngine.Debug:LogError (object)
UnityEditor.EditorAssemblies:ProcessInitializeOnLoadAttributes (System.Type[])

System.NullReferenceException: Object reference not set to an instance of an object
  at Vuforia.EditorClasses.ExtensionTypeProvider.GetVuforiaPackageAbsPath () [0x0004a] in <f93bc12ce1034617aac9a18135b94276>:0 
  at Vuforia.EditorClasses.ExtensionTypeProvider.IsPackageManager () [0x00000] in <f93bc12ce1034617aac9a18135b94276>:0 
  at Vuforia.EditorClasses.ExtensionTypeProvider.ResolvePluginType () [0x00009] in <f93bc12ce1034617aac9a18135b94276>:0 
  at Vuforia.EditorClasses.ExtensionTypeProvider.GetPluginType () [0x0000c] in <f93bc12ce1034617aac9a18135b94276>:0 
  at Vuforia.EditorClasses.VuforiaUtilities.IsVuforiaEnabledInPlayerSettings () [0x00000] in <f93bc12ce1034617aac9a18135b94276>:0 
  at Vuforia.EditorClasses.InitializeOnLoadVuforiaTaskRunner..cctor () [0x00015] in <f93bc12ce1034617aac9a18135b94276>:0 
UnityEngine.StackTraceUtility:ExtractStackTrace ()
UnityEngine.DebugLogHandler:LogFormat (UnityEngine.LogType,UnityEngine.Object,string,object[])
UnityEngine.Logger:Log (UnityEngine.LogType,object)
UnityEngine.Debug:LogError (object)
UnityEditor.EditorAssemblies:ProcessInitializeOnLoadAttributes (System.Type[])

Mono: successfully reloaded assembly
- Completed reload, in  1.214 seconds
Platform modules already initialized, skipping
========================================================================
Worker process is ready to serve import requests
Shader 'PointClouds/PointSplat': fallback shader 'PointClouds/PointSplatLegacy' not found
Launched and connected shader compiler UnityShaderCompiler.exe after 0.09 seconds
Refreshing native plugins compatible for Editor in 0.60 ms, found 4 plugins.
Preloading 1 native plugins for Editor in 0.05 ms.
Unloading 1436 Unused Serialized files (Serialized files now loaded: 0)
System memory in use before: 69.4 MB.
System memory in use after: 69.5 MB.

Unloading 46 unused Assets to reduce memory usage. Loaded Objects now: 2129.
Total: 2.864600 ms (FindLiveObjects: 0.197500 ms CreateObjectMapping: 0.109400 ms MarkObjects: 2.467000 ms  DeleteObjects: 0.089800 ms)

========================================================================
Received Import Request.
  path: Assets/AR Puzzle Assets/CodeScreen2.png
  artifactKey: Guid(9016fbf35036e484bab31c9c74deae86) Importer(815301076,1909f56bfc062723c751e8b465ee728b)
Start importing Assets/AR Puzzle Assets/CodeScreen2.png using Guid(9016fbf35036e484bab31c9c74deae86) Importer(815301076,1909f56bfc062723c751e8b465ee728b)  -> (artifact id: '17eea9ae5b2c6aa430eca7d85d2c0615') in 0.195075 seconds
  Import took 0.198323 seconds .

========================================================================
Received Import Request.
  Time since last request: 0.000269 seconds.
  path: Assets/AR Puzzle Assets/CodeScreen3.png
  artifactKey: Guid(46c4ce84cb46ae846ad64131b4663a3e) Importer(815301076,1909f56bfc062723c751e8b465ee728b)
Start importing Assets/AR Puzzle Assets/CodeScreen3.png using Guid(46c4ce84cb46ae846ad64131b4663a3e) Importer(815301076,1909f56bfc062723c751e8b465ee728b)  -> (artifact id: '387b69a941034411e646c46e16e60107') in 0.039300 seconds
  Import took 0.042188 seconds .

========================================================================
Received Import Request.
  Time since last request: 0.000243 seconds.
  path: Assets/AR Puzzle Assets/CodeScreen4.png
  artifactKey: Guid(fec6c72c9227d0b4fbc3ee2f9910413b) Importer(815301076,1909f56bfc062723c751e8b465ee728b)
Start importing Assets/AR Puzzle Assets/CodeScreen4.png using Guid(fec6c72c9227d0b4fbc3ee2f9910413b) Importer(815301076,1909f56bfc062723c751e8b465ee728b)  -> (artifact id: '1406bde386d0741d33503264430294e0') in 0.045742 seconds
  Import took 0.048493 seconds .

========================================================================
Received Import Request.
  Time since last request: 0.000211 seconds.
  path: Assets/AR Puzzle Assets/CodeScreen1.png
  artifactKey: Guid(255943d6641a6014eac117041b0d1262) Importer(815301076,1909f56bfc062723c751e8b465ee728b)
Start importing Assets/AR Puzzle Assets/CodeScreen1.png using Guid(255943d6641a6014eac117041b0d1262) Importer(815301076,1909f56bfc062723c751e8b465ee728b)  -> (artifact id: 'b27b191ff095d78d455a744d636ecd06') in 0.028965 seconds
  Import took 0.032270 seconds .

========================================================================
Received Import Request.
  Time since last request: 33.039803 seconds.
  path: Assets/AR Puzzle Assets/CodeScreen1.png
  artifactKey: Guid(255943d6641a6014eac117041b0d1262) Importer(815301076,1909f56bfc062723c751e8b465ee728b)
Start importing Assets/AR Puzzle Assets/CodeScreen1.png using Guid(255943d6641a6014eac117041b0d1262) Importer(815301076,1909f56bfc062723c751e8b465ee728b)  -> (artifact id: '45fb09b799ad97ef522e4a09110b8ed7') in 0.084555 seconds
  Import took 0.087991 seconds .

========================================================================
Received Import Request.
  Time since last request: 0.000254 seconds.
  path: Assets/AR Puzzle Assets/CodeScreen2.png
  artifactKey: Guid(9016fbf35036e484bab31c9c74deae86) Importer(815301076,1909f56bfc062723c751e8b465ee728b)
Start importing Assets/AR Puzzle Assets/CodeScreen2.png using Guid(9016fbf35036e484bab31c9c74deae86) Importer(815301076,1909f56bfc062723c751e8b465ee728b)  -> (artifact id: 'ab9c7db9fa6f8c24de66a6596fd74284') in 0.038148 seconds
  Import took 0.041540 seconds .

========================================================================
Received Import Request.
  Time since last request: 0.000308 seconds.
  path: Assets/AR Puzzle Assets/CodeScreen3.png
  artifactKey: Guid(46c4ce84cb46ae846ad64131b4663a3e) Importer(815301076,1909f56bfc062723c751e8b465ee728b)
Start importing Assets/AR Puzzle Assets/CodeScreen3.png using Guid(46c4ce84cb46ae846ad64131b4663a3e) Importer(815301076,1909f56bfc062723c751e8b465ee728b)  -> (artifact id: 'd7216d9364a24de48620e58f978c84f1') in 0.029334 seconds
  Import took 0.033649 seconds .

========================================================================
Received Import Request.
  Time since last request: 0.000263 seconds.
  path: Assets/AR Puzzle Assets/CodeScreen4.png
  artifactKey: Guid(fec6c72c9227d0b4fbc3ee2f9910413b) Importer(815301076,1909f56bfc062723c751e8b465ee728b)
Start importing Assets/AR Puzzle Assets/CodeScreen4.png using Guid(fec6c72c9227d0b4fbc3ee2f9910413b) Importer(815301076,1909f56bfc062723c751e8b465ee728b)  -> (artifact id: '34f871436bf10430e6f8a9447daafd52') in 0.027127 seconds
  Import took 0.030820 seconds .

========================================================================
Received Import Request.
  Time since last request: 11.413909 seconds.
  path: Assets/Materials/Code Screen 1.mat
  artifactKey: Guid(c328c949669f4de41a953dd1fb45119b) Importer(815301076,1909f56bfc062723c751e8b465ee728b)
Start importing Assets/Materials/Code Screen 1.mat using Guid(c328c949669f4de41a953dd1fb45119b) Importer(815301076,1909f56bfc062723c751e8b465ee728b)  -> (artifact id: '8ed07e56141543cdca76861a7b30eac8') in 0.089032 seconds
  Import took 0.092060 seconds .

========================================================================
Received Import Request.
  Time since last request: 0.597879 seconds.
  path: Assets/Materials/Code Screen 2.mat
  artifactKey: Guid(a7d51b22c08167941921b800097d5048) Importer(815301076,1909f56bfc062723c751e8b465ee728b)
Start importing Assets/Materials/Code Screen 2.mat using Guid(a7d51b22c08167941921b800097d5048) Importer(815301076,1909f56bfc062723c751e8b465ee728b)  -> (artifact id: 'f80c472a326bb2d7ac09bb3531d463f0') in 0.021903 seconds
  Import took 0.024972 seconds .

========================================================================
Received Import Request.
  Time since last request: 179.052971 seconds.
  path: Assets/Materials/Code Screen 4.mat
  artifactKey: Guid(2f6fcdcbb6a633d4aab3549d87bfe512) Importer(815301076,1909f56bfc062723c751e8b465ee728b)
Start importing Assets/Materials/Code Screen 4.mat using Guid(2f6fcdcbb6a633d4aab3549d87bfe512) Importer(815301076,1909f56bfc062723c751e8b465ee728b)  -> (artifact id: '3f8867be1ca74040ecd004599998bc8d') in 0.019967 seconds
  Import took 0.023948 seconds .

========================================================================
Received Import Request.
  Time since last request: 3.216702 seconds.
  path: Assets/Materials/Code Screen 3.mat
  artifactKey: Guid(a7d51b22c08167941921b800097d5048) Importer(815301076,1909f56bfc062723c751e8b465ee728b)
Start importing Assets/Materials/Code Screen 3.mat using Guid(a7d51b22c08167941921b800097d5048) Importer(815301076,1909f56bfc062723c751e8b465ee728b)  -> (artifact id: '5dec65d3ee8cb52bb81304249b93410a') in 0.054689 seconds
  Import took 0.057813 seconds .

========================================================================
Received Import Request.
  Time since last request: 4.394509 seconds.
  path: Assets/Materials/Code Screen 2.mat
  artifactKey: Guid(c328c949669f4de41a953dd1fb45119b) Importer(815301076,1909f56bfc062723c751e8b465ee728b)
Start importing Assets/Materials/Code Screen 2.mat using Guid(c328c949669f4de41a953dd1fb45119b) Importer(815301076,1909f56bfc062723c751e8b465ee728b)  -> (artifact id: '66080340bccf0bd80405a58291509cea') in 0.009808 seconds
  Import took 0.013360 seconds .

========================================================================
Received Import Request.
  Time since last request: 4.217900 seconds.
  path: Assets/Materials/Code Screen 1.mat
  artifactKey: Guid(f6494366f6b4b5348a89243019750460) Importer(815301076,1909f56bfc062723c751e8b465ee728b)
Start importing Assets/Materials/Code Screen 1.mat using Guid(f6494366f6b4b5348a89243019750460) Importer(815301076,1909f56bfc062723c751e8b465ee728b)  -> (artifact id: '34af424c26a162c759d5305f2361d335') in 0.021488 seconds
  Import took 0.024959 seconds .

========================================================================
Received Import Request.
  Time since last request: 127.787428 seconds.
  path: Assets/Materials/Code Screen 2.mat
  artifactKey: Guid(c328c949669f4de41a953dd1fb45119b) Importer(815301076,1909f56bfc062723c751e8b465ee728b)
Start importing Assets/Materials/Code Screen 2.mat using Guid(c328c949669f4de41a953dd1fb45119b) Importer(815301076,1909f56bfc062723c751e8b465ee728b)  -> (artifact id: 'b29b1853482bd0154b3772355d02b2ef') in 0.288539 seconds
  Import took 0.291619 seconds .

========================================================================
Received Import Request.
  Time since last request: 0.000316 seconds.
  path: Assets/Materials/Code Screen 3.mat
  artifactKey: Guid(a7d51b22c08167941921b800097d5048) Importer(815301076,1909f56bfc062723c751e8b465ee728b)
Start importing Assets/Materials/Code Screen 3.mat using Guid(a7d51b22c08167941921b800097d5048) Importer(815301076,1909f56bfc062723c751e8b465ee728b)  -> (artifact id: 'ae255d15bfb7439f2e7c45d00fe7e187') in 0.021321 seconds
  Import took 0.024367 seconds .

========================================================================
Received Import Request.
  Time since last request: 0.000235 seconds.
  path: Assets/Materials/Code Screen 4.mat
  artifactKey: Guid(2f6fcdcbb6a633d4aab3549d87bfe512) Importer(815301076,1909f56bfc062723c751e8b465ee728b)
Start importing Assets/Materials/Code Screen 4.mat using Guid(2f6fcdcbb6a633d4aab3549d87bfe512) Importer(815301076,1909f56bfc062723c751e8b465ee728b)  -> (artifact id: '9f59b38436c9f785100ec14fa247f20e') in 0.020050 seconds
  Import took 0.023034 seconds .

========================================================================
Received Prepare
Registering precompiled user dll's ...
Registered in 0.009363 seconds.
Begin MonoManager ReloadAssembly
Native extension for WindowsStandalone target not found
Native extension for WebGL target not found
Refreshing native plugins compatible for Editor in 0.76 ms, found 4 plugins.
Preloading 1 native plugins for Editor in 0.08 ms.
System.NullReferenceException: Object reference not set to an instance of an object
  at Vuforia.EditorClasses.ExtensionTypeProvider.GetVuforiaPackageAbsPath () [0x0004a] in <f93bc12ce1034617aac9a18135b94276>:0 
  at Vuforia.EditorClasses.ExtensionTypeProvider.IsPackageManager () [0x00000] in <f93bc12ce1034617aac9a18135b94276>:0 
  at Vuforia.EditorClasses.ExtensionTypeProvider.ResolvePluginType () [0x00009] in <f93bc12ce1034617aac9a18135b94276>:0 
  at Vuforia.EditorClasses.ExtensionTypeProvider.GetPluginType () [0x0000c] in <f93bc12ce1034617aac9a18135b94276>:0 
  at Vuforia.EditorClasses.VuforiaUtilities.IsVuforiaEnabledInPlayerSettings () [0x00000] in <f93bc12ce1034617aac9a18135b94276>:0 
  at VuforiaEnabledObserver..cctor () [0x00000] in <f93bc12ce1034617aac9a18135b94276>:0 
UnityEngine.StackTraceUtility:ExtractStackTrace ()
UnityEngine.DebugLogHandler:LogFormat (UnityEngine.LogType,UnityEngine.Object,string,object[])
UnityEngine.Logger:Log (UnityEngine.LogType,object)
UnityEngine.Debug:LogError (object)
UnityEditor.EditorAssemblies:ProcessInitializeOnLoadAttributes (System.Type[])

System.NullReferenceException: Object reference not set to an instance of an object
  at Vuforia.EditorClasses.ExtensionTypeProvider.GetVuforiaPackageAbsPath () [0x0004a] in <f93bc12ce1034617aac9a18135b94276>:0 
  at Vuforia.EditorClasses.ExtensionTypeProvider.IsPackageManager () [0x00000] in <f93bc12ce1034617aac9a18135b94276>:0 
  at Vuforia.EditorClasses.ExtensionTypeProvider.ResolvePluginType () [0x00009] in <f93bc12ce1034617aac9a18135b94276>:0 
  at Vuforia.EditorClasses.ExtensionTypeProvider.GetPluginType () [0x0000c] in <f93bc12ce1034617aac9a18135b94276>:0 
  at Vuforia.EditorClasses.VuforiaUtilities.IsVuforiaEnabledInPlayerSettings () [0x00000] in <f93bc12ce1034617aac9a18135b94276>:0 
  at Vuforia.EditorClasses.InitializeOnLoadVuforiaTaskRunner..cctor () [0x00015] in <f93bc12ce1034617aac9a18135b94276>:0 
UnityEngine.StackTraceUtility:ExtractStackTrace ()
UnityEngine.DebugLogHandler:LogFormat (UnityEngine.LogType,UnityEngine.Object,string,object[])
UnityEngine.Logger:Log (UnityEngine.LogType,object)
UnityEngine.Debug:LogError (object)
UnityEditor.EditorAssemblies:ProcessInitializeOnLoadAttributes (System.Type[])

Mono: successfully reloaded assembly
- Completed reload, in  1.938 seconds
Platform modules already initialized, skipping
Switching build target platform(19) subTarget(0) extendedPlatform(0) -> platform(13) subTarget(537395200) extendedPlatform(0)
Shader 'PointClouds/PointSplat': fallback shader 'PointClouds/PointSplatLegacy' not found
Refreshing native plugins compatible for Editor in 0.70 ms, found 4 plugins.
Preloading 1 native plugins for Editor in 0.07 ms.
Unloading 1423 Unused Serialized files (Serialized files now loaded: 0)
System memory in use before: 71.5 MB.
System memory in use after: 71.6 MB.

Unloading 42 unused Assets to reduce memory usage. Loaded Objects now: 2174.
Total: 3.124900 ms (FindLiveObjects: 0.208700 ms CreateObjectMapping: 0.082800 ms MarkObjects: 2.724600 ms  DeleteObjects: 0.107000 ms)

AssetImportParameters requested are different than current active one (requested -> active):
  custom:graphics/normal-map-encoding: 01000000000000000000000000000000 -> 02000000000000000000000000000000
========================================================================
Received Prepare
Registering precompiled user dll's ...
Registered in 0.010819 seconds.
Begin MonoManager ReloadAssembly
Native extension for WindowsStandalone target not found
Native extension for WebGL target not found
Refreshing native plugins compatible for Editor in 0.74 ms, found 4 plugins.
Preloading 1 native plugins for Editor in 0.07 ms.
System.NullReferenceException: Object reference not set to an instance of an object
  at Vuforia.EditorClasses.ExtensionTypeProvider.GetVuforiaPackageAbsPath () [0x0004a] in <f93bc12ce1034617aac9a18135b94276>:0 
  at Vuforia.EditorClasses.ExtensionTypeProvider.IsPackageManager () [0x00000] in <f93bc12ce1034617aac9a18135b94276>:0 
  at Vuforia.EditorClasses.ExtensionTypeProvider.ResolvePluginType () [0x00009] in <f93bc12ce1034617aac9a18135b94276>:0 
  at Vuforia.EditorClasses.ExtensionTypeProvider.GetPluginType () [0x0000c] in <f93bc12ce1034617aac9a18135b94276>:0 
  at Vuforia.EditorClasses.VuforiaUtilities.IsVuforiaEnabledInPlayerSettings () [0x00000] in <f93bc12ce1034617aac9a18135b94276>:0 
  at VuforiaEnabledObserver..cctor () [0x00000] in <f93bc12ce1034617aac9a18135b94276>:0 
UnityEngine.StackTraceUtility:ExtractStackTrace ()
UnityEngine.DebugLogHandler:LogFormat (UnityEngine.LogType,UnityEngine.Object,string,object[])
UnityEngine.Logger:Log (UnityEngine.LogType,object)
UnityEngine.Debug:LogError (object)
UnityEditor.EditorAssemblies:ProcessInitializeOnLoadAttributes (System.Type[])

System.NullReferenceException: Object reference not set to an instance of an object
  at Vuforia.EditorClasses.ExtensionTypeProvider.GetVuforiaPackageAbsPath () [0x0004a] in <f93bc12ce1034617aac9a18135b94276>:0 
  at Vuforia.EditorClasses.ExtensionTypeProvider.IsPackageManager () [0x00000] in <f93bc12ce1034617aac9a18135b94276>:0 
  at Vuforia.EditorClasses.ExtensionTypeProvider.ResolvePluginType () [0x00009] in <f93bc12ce1034617aac9a18135b94276>:0 
  at Vuforia.EditorClasses.ExtensionTypeProvider.GetPluginType () [0x0000c] in <f93bc12ce1034617aac9a18135b94276>:0 
  at Vuforia.EditorClasses.VuforiaUtilities.IsVuforiaEnabledInPlayerSettings () [0x00000] in <f93bc12ce1034617aac9a18135b94276>:0 
  at Vuforia.EditorClasses.InitializeOnLoadVuforiaTaskRunner..cctor () [0x00015] in <f93bc12ce1034617aac9a18135b94276>:0 
UnityEngine.StackTraceUtility:ExtractStackTrace ()
UnityEngine.DebugLogHandler:LogFormat (UnityEngine.LogType,UnityEngine.Object,string,object[])
UnityEngine.Logger:Log (UnityEngine.LogType,object)
UnityEngine.Debug:LogError (object)
UnityEditor.EditorAssemblies:ProcessInitializeOnLoadAttributes (System.Type[])

Mono: successfully reloaded assembly
- Completed reload, in  2.621 seconds
Platform modules already initialized, skipping
Switching build target platform(19) subTarget(0) extendedPlatform(0) -> platform(13) subTarget(537395200) extendedPlatform(0)
Shader 'PointClouds/PointSplat': fallback shader 'PointClouds/PointSplatLegacy' not found
Refreshing native plugins compatible for Editor in 0.69 ms, found 4 plugins.
Preloading 1 native plugins for Editor in 0.06 ms.
Unloading 1423 Unused Serialized files (Serialized files now loaded: 0)
System memory in use before: 71.6 MB.
System memory in use after: 71.7 MB.

Unloading 42 unused Assets to reduce memory usage. Loaded Objects now: 2177.
Total: 3.159000 ms (FindLiveObjects: 0.234600 ms CreateObjectMapping: 0.131400 ms MarkObjects: 2.702300 ms  DeleteObjects: 0.089200 ms)

AssetImportParameters requested are different than current active one (requested -> active):
  custom:graphics/normal-map-encoding: 01000000000000000000000000000000 -> 02000000000000000000000000000000
========================================================================
Received Prepare
Shader 'PointClouds/PointSplat': fallback shader 'PointClouds/PointSplatLegacy' not found
Refreshing native plugins compatible for Editor in 11.37 ms, found 4 plugins.
Preloading 1 native plugins for Editor in 0.05 ms.
Unloading 40 Unused Serialized files (Serialized files now loaded: 0)
System memory in use before: 44.4 MB.
System memory in use after: 44.5 MB.

Unloading 40 unused Assets to reduce memory usage. Loaded Objects now: 2177.
Total: 3.101900 ms (FindLiveObjects: 0.277200 ms CreateObjectMapping: 0.083300 ms MarkObjects: 2.659000 ms  DeleteObjects: 0.080900 ms)

AssetImportWorkerClient::OnTransportError - code=2 error=End of file
